In file included from ../src/bufferutil.cc:12:
/usr/include/string.h:145:1: error: unknown type name 'errno_t'; did you mean 'node::errno_t'?
errno_t memset_s(void *, rsize_t, int, rsize_t) __OSX_AVAILABLE_STARTING(__MAC_10_9, __IPHONE_7_0);
^
/usr/include/sys/_types/_errno_t.h:30:32: note: 'node::errno_t' declared here
typedef int                    errno_t;
                               ^
In file included from ../src/bufferutil.cc:12:
/usr/include/string.h:145:26: error: C++ requires a type specifier for all declarations
errno_t memset_s(void *, rsize_t, int, rsize_t) __OSX_AVAILABLE_STARTING(__MAC_10_9, __IPHONE_7_0);
                         ^~~~~~~
/usr/include/string.h:145:40: error: unknown type name 'rsize_t'
errno_t memset_s(void *, rsize_t, int, rsize_t) __OSX_AVAILABLE_STARTING(__MAC_10_9, __IPHONE_7_0);
                                       ^
In file included from ../src/bufferutil.cc:13:
In file included from /usr/include/wchar.h:91:
/usr/include/time.h:107:1: error: unknown type name 'clock_t'; did you mean 'node::clock_t'?
clock_t clock(void) __DARWIN_ALIAS(clock);
^
/usr/include/sys/_types/_clock_t.h:30:33: note: 'node::clock_t' declared here
typedef __darwin_clock_t        clock_t;
                                ^
In file included from ../src/bufferutil.cc:13:
In file included from /usr/include/wchar.h:91:
/usr/include/time.h:108:19: error: unknown type name 'time_t'; did you mean 'node::time_t'?
char *ctime(const time_t *);
                  ^
/usr/include/sys/_types/_time_t.h:30:26: note: 'node::time_t' declared here
typedef __darwin_time_t         time_t; 
                                ^
In file included from ../src/bufferutil.cc:13:
In file included from /usr/include/wchar.h:91:
/usr/include/time.h:109:17: error: unknown type name 'time_t'; did you mean 'node::time_t'?
double difftime(time_t, time_t);
                ^
/usr/include/sys/_types/_time_t.h:30:26: note: 'node::time_t' declared here
typedef __darwin_time_t         time_t; 
                                ^
In file included from ../src/bufferutil.cc:13:
In file included from /usr/include/wchar.h:91:
/usr/include/time.h:109:25: error: unknown type name 'time_t'; did you mean 'node::time_t'?
double difftime(time_t, time_t);
                        ^
/usr/include/sys/_types/_time_t.h:30:26: note: 'node::time_t' declared here
typedef __darwin_time_t         time_t; 
                                ^
In file included from ../src/bufferutil.cc:13:
In file included from /usr/include/wchar.h:91:
/usr/include/time.h:111:25: error: unknown type name 'time_t'; did you mean 'node::time_t'?
struct tm *gmtime(const time_t *);
                        ^
/usr/include/sys/_types/_time_t.h:30:26: note: 'node::time_t' declared here
typedef __darwin_time_t         time_t; 
                                ^
In file included from ../src/bufferutil.cc:13:
In file included from /usr/include/wchar.h:91:
/usr/include/time.h:112:28: error: unknown type name 'time_t'; did you mean 'node::time_t'?
struct tm *localtime(const time_t *);
                           ^
/usr/include/sys/_types/_time_t.h:30:26: note: 'node::time_t' declared here
typedef __darwin_time_t         time_t; 
                                ^
In file included from ../src/bufferutil.cc:13:
In file included from /usr/include/wchar.h:91:
/usr/include/time.h:113:1: error: unknown type name 'time_t'; did you mean 'node::time_t'?
time_t mktime(struct tm *) __DARWIN_ALIAS(mktime);
^
/usr/include/sys/_types/_time_t.h:30:26: note: 'node::time_t' declared here
typedef __darwin_time_t         time_t; 
                                ^
In file included from ../src/bufferutil.cc:13:
In file included from /usr/include/wchar.h:91:
/usr/include/time.h:116:1: error: unknown type name 'time_t'; did you mean 'node::time_t'?
time_t time(time_t *);
^
/usr/include/sys/_types/_time_t.h:30:26: note: 'node::time_t' declared here
typedef __darwin_time_t         time_t; 
                                ^
In file included from ../src/bufferutil.cc:13:
In file included from /usr/include/wchar.h:91:
/usr/include/time.h:116:13: error: unknown type name 'time_t'; did you mean 'node::time_t'?
time_t time(time_t *);
            ^
/usr/include/sys/_types/_time_t.h:30:26: note: 'node::time_t' declared here
typedef __darwin_time_t         time_t; 
                                ^
In file included from ../src/bufferutil.cc:13:
In file included from /usr/include/wchar.h:91:
/usr/include/time.h:124:21: error: unknown type name 'time_t'; did you mean 'node::time_t'?
char *ctime_r(const time_t *, char *);
                    ^
/usr/include/sys/_types/_time_t.h:30:26: note: 'node::time_t' declared here
typedef __darwin_time_t         time_t; 
                                ^
In file included from ../src/bufferutil.cc:13:
In file included from /usr/include/wchar.h:91:
/usr/include/time.h:125:27: error: unknown type name 'time_t'; did you mean 'node::time_t'?
struct tm *gmtime_r(const time_t * __restrict, struct tm * __restrict);
                          ^
/usr/include/sys/_types/_time_t.h:30:26: note: 'node::time_t' declared here
typedef __darwin_time_t         time_t; 
                                ^
In file included from ../src/bufferutil.cc:13:
In file included from /usr/include/wchar.h:91:
/usr/include/time.h:126:30: error: unknown type name 'time_t'; did you mean 'node::time_t'?
struct tm *localtime_r(const time_t * __restrict, struct tm * __restrict);
                             ^
/usr/include/sys/_types/_time_t.h:30:26: note: 'node::time_t' declared here
typedef __darwin_time_t         time_t; 
                                ^
In file included from ../src/bufferutil.cc:13:
In file included from /usr/include/wchar.h:91:
/usr/include/time.h:129:1: error: unknown type name 'time_t'; did you mean 'node::time_t'?
time_t posix2time(time_t);
^
/usr/include/sys/_types/_time_t.h:30:26: note: 'node::time_t' declared here
typedef __darwin_time_t         time_t; 
                                ^
In file included from ../src/bufferutil.cc:13:
In file included from /usr/include/wchar.h:91:
/usr/include/time.h:129:19: error: unknown type name 'time_t'; did you mean 'node::time_t'?
time_t posix2time(time_t);
                  ^
/usr/include/sys/_types/_time_t.h:30:26: note: 'node::time_t' declared here
typedef __darwin_time_t         time_t; 
                                ^
In file included from ../src/bufferutil.cc:13:
In file included from /usr/include/wchar.h:91:
/usr/include/time.h:134:1: error: unknown type name 'time_t'; did you mean 'node::time_t'?
time_t time2posix(time_t);
^
/usr/include/sys/_types/_time_t.h:30:26: note: 'node::time_t' declared here
typedef __darwin_time_t         time_t; 
                                ^
In file included from ../src/bufferutil.cc:13:
In file included from /usr/include/wchar.h:91:
/usr/include/time.h:134:19: error: unknown type name 'time_t'; did you mean 'node::time_t'?
time_t time2posix(time_t);
                  ^
/usr/include/sys/_types/_time_t.h:30:26: note: 'node::time_t' declared here
typedef __darwin_time_t         time_t; 
                                ^
fatal error: too many errors emitted, stopping now [-ferror-limit=]
20 errors generated.
make: *** [Release/obj.target/bufferutil/src/bufferutil.o] Error 1
gyp ERR! build error 
gyp ERR! stack Error: `make` failed with exit code: 2
gyp ERR! stack     at ChildProcess.onExit (/usr/local/lib/node_modules/npm/node_modules/node-gyp/lib/build.js:267:23)
gyp ERR! stack     at ChildProcess.EventEmitter.emit (events.js:107:17)
gyp ERR! stack     at Process.ChildProcess._handle.onexit (child_process.js:879:12)
gyp ERR! System Darwin 14.0.0
gyp ERR! command "node" "/usr/local/lib/node_modules/npm/node_modules/node-gyp/bin/node-gyp.js" "rebuild"
gyp ERR! cwd /Users/Kohei/Documents/pgm/LifeGame/node_modules/socket.io/node_modules/socket.io-client/node_modules/engine.io-client/node_modules/ws
gyp ERR! node -v v0.11.11
gyp ERR! node-gyp -v v0.12.2
gyp ERR! not ok 
